[0.070s] Invoking command in '/home/daniel/Research/Workspaces/game_theoretic_painting/build/coverage_contest': CMAKE_PREFIX_PATH=${CMAKE_PREFIX_PATH}:/home/daniel/Research/Workspaces/turtlebot3/install/turtlebot3_teleop:/home/daniel/Research/Workspaces/turtlebot3/install/turtlebot3_example:/opt/ros/humble /usr/bin/cmake --build /home/daniel/Research/Workspaces/game_theoretic_painting/build/coverage_contest -- -j20 -l20
[0.106s] [35m[1mConsolidate compiler generated dependencies of target game_visualizer[0m
[0.134s] [ 25%] [32mBuilding CXX object CMakeFiles/game_visualizer.dir/src/game_visualizer.cpp.o[0m
[2.834s] [01m[K/home/daniel/Research/Workspaces/game_theoretic_painting/src/coverage_contest/src/game_visualizer.cpp:[m[K In member function â€˜[01m[Kvoid GameVisualizer::clearVisualizer()[m[Kâ€™:
[2.834s] [01m[K/home/daniel/Research/Workspaces/game_theoretic_painting/src/coverage_contest/src/game_visualizer.cpp:11:21:[m[K [01;31m[Kerror: [m[Kâ€˜[01m[KHaphephobia[m[Kâ€™ was not declared in this scope
[2.834s]    11 |     pcl::PointCloud<[01;31m[KHaphephobia[m[K::Point> pcl_points (new PointCloud);
[2.834s]       |                     [01;31m[K^~~~~~~~~~~[m[K
[2.834s] [01m[K/home/daniel/Research/Workspaces/game_theoretic_painting/src/coverage_contest/src/game_visualizer.cpp:11:39:[m[K [01;31m[Kerror: [m[Ktemplate argument 1 is invalid
[2.834s]    11 |     pcl::PointCloud<Haphephobia::Point[01;31m[K>[m[K pcl_points (new PointCloud);
[2.834s]       |                                       [01;31m[K^[m[K
[2.837s] [01m[K/home/daniel/Research/Workspaces/game_theoretic_painting/src/coverage_contest/src/game_visualizer.cpp:11:57:[m[K [01;31m[Kerror: [m[Kâ€˜[01m[KPointCloud[m[Kâ€™ does not name a type
[2.837s]    11 |     pcl::PointCloud<Haphephobia::Point> pcl_points (new [01;31m[KPointCloud[m[K);
[2.837s]       |                                                         [01;31m[K^~~~~~~~~~[m[K
[2.837s] [01m[K/home/daniel/Research/Workspaces/game_theoretic_painting/src/coverage_contest/src/game_visualizer.cpp:13:19:[m[K [01;31m[Kerror: [m[Kinvalid type argument of unary â€˜[01m[K*[m[Kâ€™ (have â€˜[01m[Kint[m[Kâ€™)
[2.837s]    13 |     pcl::toROSMsg([01;31m[K*pcl_points[m[K, points);
[2.838s]       |                   [01;31m[K^~~~~~~~~~~[m[K
[2.838s] [01m[K/home/daniel/Research/Workspaces/game_theoretic_painting/src/coverage_contest/src/game_visualizer.cpp:17:25:[m[K [01;31m[Kerror: [m[Kâ€˜[01m[KMarker[m[Kâ€™ is not a member of â€˜[01m[Kvisualization_msgs[m[Kâ€™; did you mean â€˜[01m[Kvisualization_msgs::msg::Marker[m[Kâ€™?
[2.838s]    17 |     visualization_msgs::[01;31m[KMarker[m[K marker;
[2.838s]       |                         [01;31m[K^~~~~~[m[K
[2.838s] In file included from [01m[K/opt/ros/humble/include/visualization_msgs/visualization_msgs/msg/marker.hpp:7[m[K,
[2.838s]                  from [01m[K/home/daniel/Research/Workspaces/game_theoretic_painting/src/coverage_contest/include/coverage_contest/game_visualizer.h:6[m[K,
[2.838s]                  from [01m[K/home/daniel/Research/Workspaces/game_theoretic_painting/src/coverage_contest/src/game_visualizer.cpp:1[m[K:
[2.839s] [01m[K/opt/ros/humble/include/visualization_msgs/visualization_msgs/msg/detail/marker__struct.hpp:435:7:[m[K [01;36m[Knote: [m[Kâ€˜[01m[Kvisualization_msgs::msg::Marker[m[Kâ€™ declared here
[2.839s]   435 | using [01;36m[KMarker[m[K =
[2.839s]       |       [01;36m[K^~~~~~[m[K
[2.842s] [01m[K/home/daniel/Research/Workspaces/game_theoretic_painting/src/coverage_contest/src/game_visualizer.cpp:18:5:[m[K [01;31m[Kerror: [m[Kâ€˜[01m[Kmarker[m[Kâ€™ was not declared in this scope
[2.842s]    18 |     [01;31m[Kmarker[m[K.header.frame_id = frame_id_;
[2.842s]       |     [01;31m[K^~~~~~[m[K
[2.842s] [01m[K/home/daniel/Research/Workspaces/game_theoretic_painting/src/coverage_contest/src/game_visualizer.cpp:20:41:[m[K [01;31m[Kerror: [m[Kâ€˜[01m[Kvisualization_msgs::mmsg[m[Kâ€™ has not been declared
[2.842s]    20 |     marker.action = visualization_msgs::[01;31m[Kmmsg[m[K::Marker::DELETEALL;
[2.842s]       |                                         [01;31m[K^~~~[m[K
[2.857s] [01m[K/home/daniel/Research/Workspaces/game_theoretic_painting/src/coverage_contest/src/game_visualizer.cpp:24:5:[m[K [01;31m[Kerror: [m[Kâ€˜[01m[KEnvironmentVisualizer_t[m[Kâ€™ was not declared in this scope
[2.857s]    24 |     [01;31m[KEnvironmentVisualizer_t[m[K *env_vis;
[2.857s]       |     [01;31m[K^~~~~~~~~~~~~~~~~~~~~~~[m[K
[2.862s] [01m[K/home/daniel/Research/Workspaces/game_theoretic_painting/src/coverage_contest/src/game_visualizer.cpp:24:30:[m[K [01;31m[Kerror: [m[Kâ€˜[01m[Kenv_vis[m[Kâ€™ was not declared in this scope
[2.862s]    24 |     EnvironmentVisualizer_t *[01;31m[Kenv_vis[m[K;
[2.862s]       |                              [01;31m[K^~~~~~~[m[K
[2.873s] [01m[K/home/daniel/Research/Workspaces/game_theoretic_painting/src/coverage_contest/src/game_visualizer.cpp:32:5:[m[K [01;31m[Kerror: [m[Kâ€˜[01m[KPlayerVisualizer_t[m[Kâ€™ was not declared in this scope; did you mean â€˜[01m[KclearVisualizer[m[Kâ€™?
[2.873s]    32 |     [01;31m[KPlayerVisualizer_t[m[K *player_vis;
[2.873s]       |     [01;31m[K^~~~~~~~~~~~~~~~~~[m[K
[2.873s]       |     [32m[KclearVisualizer[m[K
[2.878s] [01m[K/home/daniel/Research/Workspaces/game_theoretic_painting/src/coverage_contest/src/game_visualizer.cpp:32:25:[m[K [01;31m[Kerror: [m[Kâ€˜[01m[Kplayer_vis[m[Kâ€™ was not declared in this scope; did you mean â€˜[01m[Kplayers_[m[Kâ€™?
[2.878s]    32 |     PlayerVisualizer_t *[01;31m[Kplayer_vis[m[K;
[2.878s]       |                         [01;31m[K^~~~~~~~~~[m[K
[2.878s]       |                         [32m[Kplayers_[m[K
[3.256s] gmake[2]: *** [CMakeFiles/game_visualizer.dir/build.make:76: CMakeFiles/game_visualizer.dir/src/game_visualizer.cpp.o] Error 1
[3.256s] gmake[1]: *** [CMakeFiles/Makefile2:139: CMakeFiles/game_visualizer.dir/all] Error 2
[3.256s] gmake: *** [Makefile:146: all] Error 2
[3.259s] Invoked command in '/home/daniel/Research/Workspaces/game_theoretic_painting/build/coverage_contest' returned '2': CMAKE_PREFIX_PATH=${CMAKE_PREFIX_PATH}:/home/daniel/Research/Workspaces/turtlebot3/install/turtlebot3_teleop:/home/daniel/Research/Workspaces/turtlebot3/install/turtlebot3_example:/opt/ros/humble /usr/bin/cmake --build /home/daniel/Research/Workspaces/game_theoretic_painting/build/coverage_contest -- -j20 -l20
