[35m[1mConsolidate compiler generated dependencies of target game_visualizer[0m
[ 25%] [32mBuilding CXX object CMakeFiles/game_visualizer.dir/src/game_visualizer.cpp.o[0m
[01m[K/home/daniel/Research/Workspaces/game_theoretic_painting/src/coverage_contest/src/game_visualizer.cpp:[m[K In member function â€˜[01m[Kvoid GameVisualizer::clearVisualizer()[m[Kâ€™:
[01m[K/home/daniel/Research/Workspaces/game_theoretic_painting/src/coverage_contest/src/game_visualizer.cpp:11:21:[m[K [01;31m[Kerror: [m[Kâ€˜[01m[KPointT[m[Kâ€™ was not declared in this scope; did you mean â€˜[01m[Kpoints[m[Kâ€™?
   11 |     pcl::PointCloud<[01;31m[KPointT[m[K> pcl_points (new PointCloud);
      |                     [01;31m[K^~~~~~[m[K
      |                     [32m[Kpoints[m[K
[01m[K/home/daniel/Research/Workspaces/game_theoretic_painting/src/coverage_contest/src/game_visualizer.cpp:11:27:[m[K [01;31m[Kerror: [m[Ktemplate argument 1 is invalid
   11 |     pcl::PointCloud<PointT[01;31m[K>[m[K pcl_points (new PointCloud);
      |                           [01;31m[K^[m[K
[01m[K/home/daniel/Research/Workspaces/game_theoretic_painting/src/coverage_contest/src/game_visualizer.cpp:11:45:[m[K [01;31m[Kerror: [m[Kâ€˜[01m[KPointCloud[m[Kâ€™ does not name a type
   11 |     pcl::PointCloud<PointT> pcl_points (new [01;31m[KPointCloud[m[K);
      |                                             [01;31m[K^~~~~~~~~~[m[K
[01m[K/home/daniel/Research/Workspaces/game_theoretic_painting/src/coverage_contest/src/game_visualizer.cpp:13:19:[m[K [01;31m[Kerror: [m[Kinvalid type argument of unary â€˜[01m[K*[m[Kâ€™ (have â€˜[01m[Kint[m[Kâ€™)
   13 |     pcl::toROSMsg([01;31m[K*pcl_points[m[K, points);
      |                   [01;31m[K^~~~~~~~~~~[m[K
[01m[K/home/daniel/Research/Workspaces/game_theoretic_painting/src/coverage_contest/src/game_visualizer.cpp:17:25:[m[K [01;31m[Kerror: [m[Kâ€˜[01m[KMarker[m[Kâ€™ is not a member of â€˜[01m[Kvisualization_msgs[m[Kâ€™; did you mean â€˜[01m[Kvisualization_msgs::msg::Marker[m[Kâ€™?
   17 |     visualization_msgs::[01;31m[KMarker[m[K marker;
      |                         [01;31m[K^~~~~~[m[K
In file included from [01m[K/opt/ros/humble/include/visualization_msgs/visualization_msgs/msg/marker.hpp:7[m[K,
                 from [01m[K/home/daniel/Research/Workspaces/game_theoretic_painting/src/coverage_contest/include/coverage_contest/game_visualizer.h:6[m[K,
                 from [01m[K/home/daniel/Research/Workspaces/game_theoretic_painting/src/coverage_contest/src/game_visualizer.cpp:1[m[K:
[01m[K/opt/ros/humble/include/visualization_msgs/visualization_msgs/msg/detail/marker__struct.hpp:435:7:[m[K [01;36m[Knote: [m[Kâ€˜[01m[Kvisualization_msgs::msg::Marker[m[Kâ€™ declared here
  435 | using [01;36m[KMarker[m[K =
      |       [01;36m[K^~~~~~[m[K
[01m[K/home/daniel/Research/Workspaces/game_theoretic_painting/src/coverage_contest/src/game_visualizer.cpp:18:5:[m[K [01;31m[Kerror: [m[Kâ€˜[01m[Kmarker[m[Kâ€™ was not declared in this scope
   18 |     [01;31m[Kmarker[m[K.header.frame_id = frame_id_;
      |     [01;31m[K^~~~~~[m[K
[01m[K/home/daniel/Research/Workspaces/game_theoretic_painting/src/coverage_contest/src/game_visualizer.cpp:20:41:[m[K [01;31m[Kerror: [m[Kâ€˜[01m[Kvisualization_msgs::mmsg[m[Kâ€™ has not been declared
   20 |     marker.action = visualization_msgs::[01;31m[Kmmsg[m[K::Marker::DELETEALL;
      |                                         [01;31m[K^~~~[m[K
[01m[K/home/daniel/Research/Workspaces/game_theoretic_painting/src/coverage_contest/src/game_visualizer.cpp:24:5:[m[K [01;31m[Kerror: [m[Kâ€˜[01m[KEnvironmentVisualizer_t[m[Kâ€™ was not declared in this scope
   24 |     [01;31m[KEnvironmentVisualizer_t[m[K *env_vis;
      |     [01;31m[K^~~~~~~~~~~~~~~~~~~~~~~[m[K
[01m[K/home/daniel/Research/Workspaces/game_theoretic_painting/src/coverage_contest/src/game_visualizer.cpp:24:30:[m[K [01;31m[Kerror: [m[Kâ€˜[01m[Kenv_vis[m[Kâ€™ was not declared in this scope
   24 |     EnvironmentVisualizer_t *[01;31m[Kenv_vis[m[K;
      |                              [01;31m[K^~~~~~~[m[K
[01m[K/home/daniel/Research/Workspaces/game_theoretic_painting/src/coverage_contest/src/game_visualizer.cpp:32:5:[m[K [01;31m[Kerror: [m[Kâ€˜[01m[KPlayerVisualizer_t[m[Kâ€™ was not declared in this scope; did you mean â€˜[01m[KclearVisualizer[m[Kâ€™?
   32 |     [01;31m[KPlayerVisualizer_t[m[K *player_vis;
      |     [01;31m[K^~~~~~~~~~~~~~~~~~[m[K
      |     [32m[KclearVisualizer[m[K
[01m[K/home/daniel/Research/Workspaces/game_theoretic_painting/src/coverage_contest/src/game_visualizer.cpp:32:25:[m[K [01;31m[Kerror: [m[Kâ€˜[01m[Kplayer_vis[m[Kâ€™ was not declared in this scope; did you mean â€˜[01m[Kplayers_[m[Kâ€™?
   32 |     PlayerVisualizer_t *[01;31m[Kplayer_vis[m[K;
      |                         [01;31m[K^~~~~~~~~~[m[K
      |                         [32m[Kplayers_[m[K
gmake[2]: *** [CMakeFiles/game_visualizer.dir/build.make:76: CMakeFiles/game_visualizer.dir/src/game_visualizer.cpp.o] Error 1
gmake[1]: *** [CMakeFiles/Makefile2:139: CMakeFiles/game_visualizer.dir/all] Error 2
gmake: *** [Makefile:146: all] Error 2
