[0.064s] Invoking command in '/home/daniel/Research/Workspaces/game_theoretic_painting/build/coverage_contest': CMAKE_PREFIX_PATH=${CMAKE_PREFIX_PATH}:/home/daniel/Research/Workspaces/turtlebot3/install/turtlebot3_teleop:/home/daniel/Research/Workspaces/turtlebot3/install/turtlebot3_example:/opt/ros/humble /usr/bin/cmake --build /home/daniel/Research/Workspaces/game_theoretic_painting/build/coverage_contest -- -j20 -l20
[0.092s] [35m[1mConsolidate compiler generated dependencies of target game_visualizer[0m
[0.107s] [ 25%] [32mBuilding CXX object CMakeFiles/game_visualizer.dir/src/game_visualizer.cpp.o[0m
[2.694s] [01m[K/home/daniel/Research/Workspaces/game_theoretic_painting/src/coverage_contest/src/game_visualizer.cpp:[m[K In member function â€˜[01m[Kvoid GameVisualizer::clearVisualizer()[m[Kâ€™:
[2.694s] [01m[K/home/daniel/Research/Workspaces/game_theoretic_painting/src/coverage_contest/src/game_visualizer.cpp:11:5:[m[K [01;31m[Kerror: [m[Kâ€˜[01m[KPointCloud[m[Kâ€™ has not been declared
[2.694s]    11 |     [01;31m[KPointCloud[m[K::Ptr pcl_points (new PointCloud);
[2.694s]       |     [01;31m[K^~~~~~~~~~[m[K
[2.699s] [01m[K/home/daniel/Research/Workspaces/game_theoretic_painting/src/coverage_contest/src/game_visualizer.cpp:12:20:[m[K [01;31m[Kerror: [m[Kâ€˜[01m[Kpcl_points[m[Kâ€™ was not declared in this scope; did you mean â€˜[01m[Kpcl_lrintf[m[Kâ€™?
[2.699s]    12 |     pcl::toROSMsg(*[01;31m[Kpcl_points[m[K, points);
[2.700s]       |                    [01;31m[K^~~~~~~~~~[m[K
[2.700s]       |                    [32m[Kpcl_lrintf[m[K
[2.700s] [01m[K/home/daniel/Research/Workspaces/game_theoretic_painting/src/coverage_contest/src/game_visualizer.cpp:16:25:[m[K [01;31m[Kerror: [m[Kâ€˜[01m[KMarker[m[Kâ€™ is not a member of â€˜[01m[Kvisualization_msgs[m[Kâ€™; did you mean â€˜[01m[Kvisualization_msgs::msg::Marker[m[Kâ€™?
[2.700s]    16 |     visualization_msgs::[01;31m[KMarker[m[K marker;
[2.700s]       |                         [01;31m[K^~~~~~[m[K
[2.700s] In file included from [01m[K/opt/ros/humble/include/visualization_msgs/visualization_msgs/msg/marker.hpp:7[m[K,
[2.700s]                  from [01m[K/home/daniel/Research/Workspaces/game_theoretic_painting/src/coverage_contest/include/coverage_contest/game_visualizer.h:6[m[K,
[2.700s]                  from [01m[K/home/daniel/Research/Workspaces/game_theoretic_painting/src/coverage_contest/src/game_visualizer.cpp:1[m[K:
[2.700s] [01m[K/opt/ros/humble/include/visualization_msgs/visualization_msgs/msg/detail/marker__struct.hpp:435:7:[m[K [01;36m[Knote: [m[Kâ€˜[01m[Kvisualization_msgs::msg::Marker[m[Kâ€™ declared here
[2.700s]   435 | using [01;36m[KMarker[m[K =
[2.700s]       |       [01;36m[K^~~~~~[m[K
[2.704s] [01m[K/home/daniel/Research/Workspaces/game_theoretic_painting/src/coverage_contest/src/game_visualizer.cpp:17:5:[m[K [01;31m[Kerror: [m[Kâ€˜[01m[Kmarker[m[Kâ€™ was not declared in this scope
[2.704s]    17 |     [01;31m[Kmarker[m[K.header.frame_id = frame_id_;
[2.704s]       |     [01;31m[K^~~~~~[m[K
[2.704s] [01m[K/home/daniel/Research/Workspaces/game_theoretic_painting/src/coverage_contest/src/game_visualizer.cpp:19:41:[m[K [01;31m[Kerror: [m[Kâ€˜[01m[Kvisualization_msgs::mmsg[m[Kâ€™ has not been declared
[2.704s]    19 |     marker.action = visualization_msgs::[01;31m[Kmmsg[m[K::Marker::DELETEALL;
[2.704s]       |                                         [01;31m[K^~~~[m[K
[2.718s] [01m[K/home/daniel/Research/Workspaces/game_theoretic_painting/src/coverage_contest/src/game_visualizer.cpp:23:5:[m[K [01;31m[Kerror: [m[Kâ€˜[01m[KEnvironmentVisualizer_t[m[Kâ€™ was not declared in this scope
[2.718s]    23 |     [01;31m[KEnvironmentVisualizer_t[m[K *env_vis;
[2.718s]       |     [01;31m[K^~~~~~~~~~~~~~~~~~~~~~~[m[K
[2.722s] [01m[K/home/daniel/Research/Workspaces/game_theoretic_painting/src/coverage_contest/src/game_visualizer.cpp:23:30:[m[K [01;31m[Kerror: [m[Kâ€˜[01m[Kenv_vis[m[Kâ€™ was not declared in this scope
[2.722s]    23 |     EnvironmentVisualizer_t *[01;31m[Kenv_vis[m[K;
[2.723s]       |                              [01;31m[K^~~~~~~[m[K
[2.733s] [01m[K/home/daniel/Research/Workspaces/game_theoretic_painting/src/coverage_contest/src/game_visualizer.cpp:31:5:[m[K [01;31m[Kerror: [m[Kâ€˜[01m[KPlayerVisualizer_t[m[Kâ€™ was not declared in this scope; did you mean â€˜[01m[KclearVisualizer[m[Kâ€™?
[2.734s]    31 |     [01;31m[KPlayerVisualizer_t[m[K *player_vis;
[2.734s]       |     [01;31m[K^~~~~~~~~~~~~~~~~~[m[K
[2.734s]       |     [32m[KclearVisualizer[m[K
[2.739s] [01m[K/home/daniel/Research/Workspaces/game_theoretic_painting/src/coverage_contest/src/game_visualizer.cpp:31:25:[m[K [01;31m[Kerror: [m[Kâ€˜[01m[Kplayer_vis[m[Kâ€™ was not declared in this scope; did you mean â€˜[01m[Kplayers_[m[Kâ€™?
[2.739s]    31 |     PlayerVisualizer_t *[01;31m[Kplayer_vis[m[K;
[2.739s]       |                         [01;31m[K^~~~~~~~~~[m[K
[2.739s]       |                         [32m[Kplayers_[m[K
[3.118s] gmake[2]: *** [CMakeFiles/game_visualizer.dir/build.make:76: CMakeFiles/game_visualizer.dir/src/game_visualizer.cpp.o] Error 1
[3.119s] gmake[1]: *** [CMakeFiles/Makefile2:139: CMakeFiles/game_visualizer.dir/all] Error 2
[3.119s] gmake: *** [Makefile:146: all] Error 2
[3.121s] Invoked command in '/home/daniel/Research/Workspaces/game_theoretic_painting/build/coverage_contest' returned '2': CMAKE_PREFIX_PATH=${CMAKE_PREFIX_PATH}:/home/daniel/Research/Workspaces/turtlebot3/install/turtlebot3_teleop:/home/daniel/Research/Workspaces/turtlebot3/install/turtlebot3_example:/opt/ros/humble /usr/bin/cmake --build /home/daniel/Research/Workspaces/game_theoretic_painting/build/coverage_contest -- -j20 -l20
