[0.060s] Invoking command in '/home/daniel/Research/Workspaces/game_theoretic_painting/build/coverage_contest': CMAKE_PREFIX_PATH=${CMAKE_PREFIX_PATH}:/home/daniel/Research/Workspaces/turtlebot3/install/turtlebot3_teleop:/home/daniel/Research/Workspaces/turtlebot3/install/turtlebot3_example:/opt/ros/humble /usr/bin/cmake --build /home/daniel/Research/Workspaces/game_theoretic_painting/build/coverage_contest -- -j20 -l20
[0.089s] [ 25%] [32mBuilding CXX object CMakeFiles/game_visualizer.dir/src/game_visualizer.cpp.o[0m
[0.091s] [ 50%] [32m[1mLinking CXX executable play_game[0m
[0.093s] In file included from [01m[K/home/daniel/Research/Workspaces/game_theoretic_painting/src/coverage_contest/src/game_visualizer.cpp:1[m[K:
[0.093s] [01m[K/home/daniel/Research/Workspaces/game_theoretic_painting/src/coverage_contest/include/coverage_contest/game_visualizer.h:5:10:[m[K [01;31m[Kfatal error: [m[Krclcpp/rclcpp.hpp: No such file or directory
[0.093s]     5 | #include [01;31m[K<rclcpp/rclcpp.hpp>[m[K
[0.093s]       |          [01;31m[K^~~~~~~~~~~~~~~~~~~[m[K
[0.093s] compilation terminated.
[0.093s] gmake[2]: *** [CMakeFiles/game_visualizer.dir/build.make:76: CMakeFiles/game_visualizer.dir/src/game_visualizer.cpp.o] Error 1
[0.093s] gmake[1]: *** [CMakeFiles/Makefile2:165: CMakeFiles/game_visualizer.dir/all] Error 2
[0.093s] gmake[1]: *** Waiting for unfinished jobs....
[0.250s] /usr/bin/ld: CMakeFiles/play_game.dir/src/play_game.cpp.o: in function `GamePlayer::GamePlayer()':
[0.250s] /home/daniel/Research/Workspaces/game_theoretic_painting/src/coverage_contest/src/play_game.cpp:16: undefined reference to `GameVisualizer::GameVisualizer()'
[0.259s] collect2: error: ld returned 1 exit status
[0.260s] gmake[2]: *** [CMakeFiles/play_game.dir/build.make:159: play_game] Error 1
[0.260s] gmake[1]: *** [CMakeFiles/Makefile2:139: CMakeFiles/play_game.dir/all] Error 2
[0.260s] gmake: *** [Makefile:146: all] Error 2
[0.262s] Invoked command in '/home/daniel/Research/Workspaces/game_theoretic_painting/build/coverage_contest' returned '2': CMAKE_PREFIX_PATH=${CMAKE_PREFIX_PATH}:/home/daniel/Research/Workspaces/turtlebot3/install/turtlebot3_teleop:/home/daniel/Research/Workspaces/turtlebot3/install/turtlebot3_example:/opt/ros/humble /usr/bin/cmake --build /home/daniel/Research/Workspaces/game_theoretic_painting/build/coverage_contest -- -j20 -l20
