[0.060s] Invoking command in '/home/daniel/Research/Workspaces/game_theoretic_painting/build/coverage_contest': CMAKE_PREFIX_PATH=${CMAKE_PREFIX_PATH}:/home/daniel/Research/Workspaces/turtlebot3/install/turtlebot3_teleop:/home/daniel/Research/Workspaces/turtlebot3/install/turtlebot3_example:/opt/ros/humble /usr/bin/cmake --build /home/daniel/Research/Workspaces/game_theoretic_painting/build/coverage_contest -- -j20 -l20
[0.077s] -- Found ament_cmake: 1.3.6 (/opt/ros/humble/share/ament_cmake/cmake)
[0.161s] -- Found rclcpp: 16.0.7 (/opt/ros/humble/share/rclcpp/cmake)
[0.178s] -- Found rosidl_generator_c: 3.1.5 (/opt/ros/humble/share/rosidl_generator_c/cmake)
[0.180s] -- Found rosidl_adapter: 3.1.5 (/opt/ros/humble/share/rosidl_adapter/cmake)
[0.183s] -- Found rosidl_generator_cpp: 3.1.5 (/opt/ros/humble/share/rosidl_generator_cpp/cmake)
[0.189s] -- Using all available rosidl_typesupport_c: rosidl_typesupport_fastrtps_c;rosidl_typesupport_introspection_c
[0.198s] -- Using all available rosidl_typesupport_cpp: rosidl_typesupport_fastrtps_cpp;rosidl_typesupport_introspection_cpp
[0.230s] -- Found rmw_implementation_cmake: 6.1.1 (/opt/ros/humble/share/rmw_implementation_cmake/cmake)
[0.231s] -- Found rmw_fastrtps_cpp: 6.2.5 (/opt/ros/humble/share/rmw_fastrtps_cpp/cmake)
[0.300s] -- Using RMW implementation 'rmw_fastrtps_cpp' as default
[0.385s] -- Found geometry_msgs: 4.2.3 (/opt/ros/humble/share/geometry_msgs/cmake)
[0.410s] -- Found sensor_msgs: 4.2.3 (/opt/ros/humble/share/sensor_msgs/cmake)
[0.456s] -- Found pcl_ros: 2.4.0 (/opt/ros/humble/share/pcl_ros/cmake)
[0.606s] -- Found eigen3_cmake_module: 0.1.1 (/opt/ros/humble/share/eigen3_cmake_module/cmake)
[0.607s] -- Ensuring Eigen3 include directory is part of orocos-kdl CMake target
[0.821s] -- Eigen found (include: /usr/include/eigen3, version: 3.4.0)
[0.839s] -- FLANN found (include: /usr/include, lib: /usr/lib/x86_64-linux-gnu/libflann_cpp.so)
[1.013s] -- OpenNI found (version: 1.5.4.0, include: /usr/include/ni, lib: /usr/lib/libOpenNI.so;libusb::libusb)
[1.016s] -- OpenNI2 found (version: 2.2.0.33, include: /usr/include/openni2, lib: /usr/lib/x86_64-linux-gnu/libOpenNI2.so;libusb::libusb)
[1.109s] -- Eigen found (include: /usr/include/eigen3, version: 3.4.0)
[1.113s] -- OpenNI found (version: 1.5.4.0, include: /usr/include/ni, lib: /usr/lib/libOpenNI.so;libusb::libusb)
[1.116s] -- OpenNI2 found (version: 2.2.0.33, include: /usr/include/openni2, lib: /usr/lib/x86_64-linux-gnu/libOpenNI2.so;libusb::libusb)
[1.202s] -- Found Qhull version 8.0.2
[1.290s] -- OpenNI found (version: 1.5.4.0, include: /usr/include/ni, lib: /usr/lib/libOpenNI.so;libusb::libusb)
[1.391s] -- Found std_srvs: 4.2.3 (/opt/ros/humble/share/std_srvs/cmake)
[1.400s] -- Found rosidl_default_generators: 1.2.0 (/opt/ros/humble/share/rosidl_default_generators/cmake)
[1.406s] -- Found ament_lint_auto: 0.12.9 (/opt/ros/humble/share/ament_lint_auto/cmake)
[1.447s] -- Added test 'cppcheck' to perform static code analysis on C / C++ code
[1.447s] -- Configured cppcheck include dirs: /home/daniel/Research/Workspaces/game_theoretic_painting/src/coverage_contest/include
[1.447s] -- Configured cppcheck exclude dirs and/or files: 
[1.448s] -- Added test 'lint_cmake' to check CMake code style
[1.449s] -- Added test 'uncrustify' to check C / C++ code style
[1.449s] -- Configured uncrustify additional arguments: 
[1.449s] -- Added test 'xmllint' to check XML markup files
[1.449s] -- Configuring done
[1.457s] -- Generating done
[1.458s] -- Build files have been written to: /home/daniel/Research/Workspaces/game_theoretic_painting/build/coverage_contest
[1.479s] [35m[1mConsolidate compiler generated dependencies of target game_visualizer[0m
[1.479s] [35m[1mConsolidate compiler generated dependencies of target play_game[0m
[1.485s] [ 25%] [32mBuilding CXX object CMakeFiles/game_visualizer.dir/src/game_visualizer.cpp.o[0m
[1.489s] [ 50%] [32mBuilding CXX object CMakeFiles/play_game.dir/src/play_game.cpp.o[0m
[1.490s] In file included from [01m[K/home/daniel/Research/Workspaces/game_theoretic_painting/src/coverage_contest/src/game_visualizer.cpp:1[m[K:
[1.490s] [01m[K/home/daniel/Research/Workspaces/game_theoretic_painting/src/coverage_contest/include/coverage_contest/game_visualizer.h:5:10:[m[K [01;31m[Kfatal error: [m[Krclcpp/rclcpp.hpp: No such file or directory
[1.490s]     5 | #include [01;31m[K<rclcpp/rclcpp.hpp>[m[K
[1.490s]       |          [01;31m[K^~~~~~~~~~~~~~~~~~~[m[K
[1.490s] compilation terminated.
[1.490s] gmake[2]: *** [CMakeFiles/game_visualizer.dir/build.make:76: CMakeFiles/game_visualizer.dir/src/game_visualizer.cpp.o] Error 1
[1.491s] gmake[1]: *** [CMakeFiles/Makefile2:165: CMakeFiles/game_visualizer.dir/all] Error 2
[1.491s] gmake[1]: *** Waiting for unfinished jobs....
[3.677s] [ 75%] [32m[1mLinking CXX executable play_game[0m
[3.840s] /usr/bin/ld: CMakeFiles/play_game.dir/src/play_game.cpp.o: in function `GamePlayer::GamePlayer()':
[3.841s] /home/daniel/Research/Workspaces/game_theoretic_painting/src/coverage_contest/src/play_game.cpp:16: undefined reference to `GameVisualizer::GameVisualizer()'
[3.851s] collect2: error: ld returned 1 exit status
[3.852s] gmake[2]: *** [CMakeFiles/play_game.dir/build.make:159: play_game] Error 1
[3.852s] gmake[1]: *** [CMakeFiles/Makefile2:139: CMakeFiles/play_game.dir/all] Error 2
[3.852s] gmake: *** [Makefile:146: all] Error 2
[3.855s] Invoked command in '/home/daniel/Research/Workspaces/game_theoretic_painting/build/coverage_contest' returned '2': CMAKE_PREFIX_PATH=${CMAKE_PREFIX_PATH}:/home/daniel/Research/Workspaces/turtlebot3/install/turtlebot3_teleop:/home/daniel/Research/Workspaces/turtlebot3/install/turtlebot3_example:/opt/ros/humble /usr/bin/cmake --build /home/daniel/Research/Workspaces/game_theoretic_painting/build/coverage_contest -- -j20 -l20
