[0.061s] Invoking command in '/home/daniel/Research/Workspaces/game_theoretic_painting/build/coverage_contest': CMAKE_PREFIX_PATH=${CMAKE_PREFIX_PATH}:/home/daniel/Research/Workspaces/turtlebot3/install/turtlebot3_teleop:/home/daniel/Research/Workspaces/turtlebot3/install/turtlebot3_example:/opt/ros/humble /usr/bin/cmake --build /home/daniel/Research/Workspaces/game_theoretic_painting/build/coverage_contest -- -j20 -l20
[0.086s] [35m[1mConsolidate compiler generated dependencies of target play_game[0m
[0.095s] [ 50%] [32mBuilding CXX object CMakeFiles/play_game.dir/src/play_game.cpp.o[0m
[0.191s] In file included from [01m[K/home/daniel/Research/Workspaces/game_theoretic_painting/src/coverage_contest/src/play_game.cpp:1[m[K:
[0.191s] [01m[K/home/daniel/Research/Workspaces/game_theoretic_painting/src/coverage_contest/include/coverage_contest/play_game.h:12:10:[m[K [01;31m[Kfatal error: [m[Kstd_srvs/srv/trigger.hpp: No such file or directory
[0.191s]    12 | #include [01;31m[K<std_srvs/srv/trigger.hpp>[m[K
[0.191s]       |          [01;31m[K^~~~~~~~~~~~~~~~~~~~~~~~~~[m[K
[0.191s] compilation terminated.
[0.200s] gmake[2]: *** [CMakeFiles/play_game.dir/build.make:76: CMakeFiles/play_game.dir/src/play_game.cpp.o] Error 1
[0.200s] gmake[1]: *** [CMakeFiles/Makefile2:137: CMakeFiles/play_game.dir/all] Error 2
[0.201s] gmake: *** [Makefile:146: all] Error 2
[0.203s] Invoked command in '/home/daniel/Research/Workspaces/game_theoretic_painting/build/coverage_contest' returned '2': CMAKE_PREFIX_PATH=${CMAKE_PREFIX_PATH}:/home/daniel/Research/Workspaces/turtlebot3/install/turtlebot3_teleop:/home/daniel/Research/Workspaces/turtlebot3/install/turtlebot3_example:/opt/ros/humble /usr/bin/cmake --build /home/daniel/Research/Workspaces/game_theoretic_painting/build/coverage_contest -- -j20 -l20
